DesafioAndroidCore/app/build/intermediates/manifest_merge_blame_file/debug/manifest-merger-blame-debug-report.txt
1<?xml version="1.0" encoding="utf-8"?>
2<manifest xmlns:android="http://schemas.android.com/apk/res/android"
3    package="br.com.digitalhouse.desafioandroidcore"
4    android:versionCode="1"
5    android:versionName="1.0" >
6
7    <uses-sdk
8        android:minSdkVersion="26"
8-->src\main\AndroidManifest.xml
9        android:targetSdkVersion="30" />
9-->src\main\AndroidManifest.xml
10
11    <application
11-->src\main\AndroidManifest.xml:5:5-34:19
12        android:allowBackup="true"
12-->src\main\AndroidManifest.xml:6:9-35
13        android:appComponentFactory="androidx.core.app.CoreComponentFactory"
13-->[androidx.core:core:1.3.2] AndroidManifest.xml:24:18-86
14        android:debuggable="true"
15        android:extractNativeLibs="false"
16        android:icon="@mipmap/ic_launcher"
16-->src\main\AndroidManifest.xml:7:9-43
17        android:label="@string/app_name"
17-->src\main\AndroidManifest.xml:8:9-41
18        android:roundIcon="@mipmap/ic_launcher_round"
18-->src\main\AndroidManifest.xml:9:9-54
19        android:supportsRtl="true"
19-->src\main\AndroidManifest.xml:10:9-35
20        android:testOnly="true" >
21        <activity
21-->src\main\AndroidManifest.xml:11:9-12:68
22            android:name="br.com.digitalhouse.desafioandroidcore.ui.PlateDetailActivity"
22-->src\main\AndroidManifest.xml:11:19-57
23            android:theme="@style/AppTheme.NoActionBar" />
23-->src\main\AndroidManifest.xml:12:13-56
24        <activity
24-->src\main\AndroidManifest.xml:13:9-15:59
25            android:name="br.com.digitalhouse.desafioandroidcore.ui.FoodDetailsActivity"
25-->src\main\AndroidManifest.xml:14:13-51
26            android:theme="@style/AppTheme.NoActionBar" />
26-->src\main\AndroidManifest.xml:15:13-56
27        <activity
27-->src\main\AndroidManifest.xml:16:9-18:47
28            android:name="br.com.digitalhouse.desafioandroidcore.ui.HomeActivity"
28-->src\main\AndroidManifest.xml:17:13-44
29            android:theme="@style/AppTheme" />
29-->src\main\AndroidManifest.xml:18:13-44
30        <activity
30-->src\main\AndroidManifest.xml:19:9-21:47
31            android:name="br.com.digitalhouse.desafioandroidcore.ui.SignupActivity"
31-->src\main\AndroidManifest.xml:20:13-46
32            android:theme="@style/AppTheme" />
32-->src\main\AndroidManifest.xml:21:13-44
33        <activity
33-->src\main\AndroidManifest.xml:22:9-30:20
34            android:name="br.com.digitalhouse.desafioandroidcore.ui.SplashActivity"
34-->src\main\AndroidManifest.xml:23:13-46
35            android:theme="@style/AppTheme.NoActionBar" >
35-->src\main\AndroidManifest.xml:24:13-56
36            <intent-filter>
36-->src\main\AndroidManifest.xml:25:13-29:29
37                <action android:name="android.intent.action.MAIN" />
37-->src\main\AndroidManifest.xml:26:17-69
37-->src\main\AndroidManifest.xml:26:25-66
38
39                <category android:name="android.intent.category.LAUNCHER" />
39-->src\main\AndroidManifest.xml:28:17-77
39-->src\main\AndroidManifest.xml:28:27-74
40            </intent-filter>
41        </activity>
42        <activity
42-->src\main\AndroidManifest.xml:31:9-33:47
43            android:name="br.com.digitalhouse.desafioandroidcore.ui.MainActivity"
43-->src\main\AndroidManifest.xml:32:13-44
44            android:theme="@style/AppTheme" />
44-->src\main\AndroidManifest.xml:33:13-44
45    </application>
46
47</manifest>